<?xml version="1.0" encoding="UTF-8"?>
<!-- Generated by org.testng.reporters.JUnitReportReporter -->
<testsuite skipped="0" hostname="DESKTOP-02AJMVU" name="com.test.regression.Test_01" tests="1" failures="0" timestamp="2020-05-12T16:55:07 CDT" time="33.752" errors="0">
  <testcase name="f" time="33.752" classname="com.test.regression.Test_01"/>
  <system-out/>
</testsuite> <!-- com.test.regression.Test_01 -->
