<?xml version="1.0" encoding="UTF-8"?>
<!-- Generated by org.testng.reporters.JUnitReportReporter -->
<testsuite skipped="1" hostname="DESKTOP-02AJMVU" name="com.test.regression.TestToSkip" tests="1" failures="0" timestamp="2020-05-12T16:52:51 CDT" time="2.886" errors="0">
  <testcase name="h" time="2.886" classname="com.test.regression.TestToSkip">
    <skipped/>
  </testcase> <!-- h -->
  <system-out/>
</testsuite> <!-- com.test.regression.TestToSkip -->
