<?xml version="1.0" encoding="UTF-8"?>
<!-- Generated by org.testng.reporters.JUnitReportReporter -->
<testsuite skipped="0" hostname="DESKTOP-02AJMVU" name="com.regression.Test_2" tests="1" failures="0" timestamp="2020-05-06T17:20:27 CDT" time="15.450" errors="0">
  <testcase name="f" time="15.450" classname="com.regression.Test_2"/>
  <system-out/>
</testsuite> <!-- com.regression.Test_2 -->
