<?xml version="1.0" encoding="UTF-8"?>
<!-- Generated by org.testng.reporters.JUnitReportReporter -->
<testsuite skipped="0" hostname="DESKTOP-02AJMVU" name="com.test.regression.TestToPass" tests="1" failures="0" timestamp="2020-05-12T16:52:51 CDT" time="0.005" errors="0">
  <testcase name="f" time="0.005" classname="com.test.regression.TestToPass"/>
  <system-out/>
</testsuite> <!-- com.test.regression.TestToPass -->
