<?xml version="1.0" encoding="UTF-8"?>
<!-- Generated by org.testng.reporters.JUnitReportReporter -->
<testsuite skipped="0" hostname="DESKTOP-02AJMVU" name="com.regression.Test_1" tests="1" failures="0" timestamp="2020-05-04T16:53:50 CDT" time="28.057" errors="0">
  <testcase name="f" time="28.057" classname="com.regression.Test_1"/>
  <system-out/>
</testsuite> <!-- com.regression.Test_1 -->
